<?xml version="1.0" encoding="UTF-8"?>
<!-- Generated by org.testng.reporters.JUnitReportReporter -->
<testsuite hostname="LAPTOP-6GU0SM1D" failures="0" tests="1" name="test.Autotest" time="712.716" errors="0" timestamp="2024-02-08T12:37:28 IST" skipped="0">
  <testcase classname="test.Autotest" name="test" time="712.716"/>
  <system-out/>
</testsuite> <!-- test.Autotest -->
